<?xml version="1.0" encoding="UTF-8"?>
<!-- Generated by org.testng.reporters.JUnitXMLReporter -->
<testsuite ignored="0" hostname="paresh" failures="1" tests="1" name="Testcases For Registration" time="23.82" errors="0" timestamp="2022-11-01T19:27:22 IST">
  <testcase classname="testcases.TC_001_Flight" name="testResg" time="4.812">
    <failure type="java.lang.AssertionError" message="expected [true] but found [false]">
      <![CDATA[java.lang.AssertionError: expected [true] but found [false]
at testcases.TC_001_Flight.testResg(TC_001_Flight.java:43)
at java.base/java.util.ArrayList.forEach(ArrayList.java:1511)
... Removed 31 stack frames]]>
    </failure>
  </testcase> <!-- testResg -->
</testsuite> <!-- Testcases For Registration -->
